Arguments: 
  D:\tools\node\node.exe C:\Users\NM\AppData\Roaming\npm\node_modules\yarn\bin\yarn.js add particles.vue3 vue@3

PATH: 
  C:\WINDOWS\system32;C:\WINDOWS;C:\WINDOWS\System32\Wbem;C:\WINDOWS\System32\WindowsPowerShell\v1.0\;C:\WINDOWS\System32\OpenSSH\;D:\tools\node\;D:\tools\PuTTY\;D:\tools\Git\cmd;C:\Users\NM\AppData\Local\Microsoft\WindowsApps;;D:\tools\Microsoft VS Code\bin;C:\Users\NM\AppData\Roaming\npm;D:\tools\IPFS Desktop\resources\app.asar.unpacked\src\ipfs-on-path\scripts\bin-win

Yarn version: 
  1.22.11

Node version: 
  14.17.3

Platform: 
  win32 x64

Trace: 
  Error: EPERM: operation not permitted, unlink 'D:\project\web3-storage\node_modules\esbuild\esbuild.exe'

npm manifest: 
  {
    "name": "web3-storage",
    "version": "0.0.0",
    "scripts": {
      "dev": "vite",
      "build": "vue-tsc --noEmit && vite build",
      "serve": "vite preview"
    },
    "dependencies": {
      "vue": "^3.2.6"
    },
    "devDependencies": {
      "@vitejs/plugin-vue": "^1.6.1",
      "@vue/compiler-sfc": "^3.2.6",
      "typescript": "^4.3.2",
      "vite": "^2.5.4",
      "vue-tsc": "^0.2.2"
    }
  }

yarn manifest: 
  No manifest

Lockfile: 
  No lockfile
